<?xml version="1.0" encoding="UTF-8"?>
<!-- Generated by org.testng.reporters.JUnitReportReporter -->
<testsuite skipped="0" hostname="Srijan-ka-MacBook-Pro-2.local" name="jiraIssueApi.createJiraTicket" tests="1" failures="0" timestamp="31 Jul 2020 09:29:48 GMT" time="1.897" errors="0">
  <testcase name="createNewTicket" time="1.897" classname="jiraIssueApi.createJiraTicket"/>
</testsuite> <!-- jiraIssueApi.createJiraTicket -->
