<?xml version="1.0" encoding="UTF-8"?>
<!-- Generated by org.testng.reporters.JUnitReportReporter -->
<testsuite skipped="0" hostname="Srijan-ka-MBP-2" name="baseTest.baseTest" tests="1" failures="0" timestamp="28 Jul 2020 08:29:58 GMT" time="0.006" errors="0">
  <testcase name="utilsTest" time="0.006" classname="baseTest.baseTest"/>
</testsuite> <!-- baseTest.baseTest -->
